{
  "RSpec": {
    "coverage": {
      "/Users/tuong.vu/Documents/PROJECTS/Monstar-lab_rent_bike_project/app/helpers/account_activations_helper.rb": {
        "lines": [
          1,
          null
        ]
      },
      "/Users/tuong.vu/Documents/PROJECTS/Monstar-lab_rent_bike_project/app/models/admin.rb": {
        "lines": [
          1,
          1,
          null,
          1,
          null,
          1,
          null,
          1,
          null,
          1,
          1,
          1,
          null,
          1,
          1,
          null,
          1,
          null,
          null,
          1,
          1,
          null,
          null,
          1,
          1,
          1,
          null,
          null,
          1,
          5,
          null,
          null,
          1,
          0,
          0,
          null,
          0,
          null,
          null,
          1,
          1,
          0,
          null,
          null
        ]
      },
      "/Users/tuong.vu/Documents/PROJECTS/Monstar-lab_rent_bike_project/app/models/application_record.rb": {
        "lines": [
          1,
          1,
          null
        ]
      },
      "/Users/tuong.vu/Documents/PROJECTS/Monstar-lab_rent_bike_project/app/helpers/admin/admins_helper.rb": {
        "lines": [
          1,
          null
        ]
      },
      "/Users/tuong.vu/Documents/PROJECTS/Monstar-lab_rent_bike_project/app/helpers/admin/bikes_helper.rb": {
        "lines": [
          1,
          null
        ]
      },
      "/Users/tuong.vu/Documents/PROJECTS/Monstar-lab_rent_bike_project/app/helpers/admin/categories_helper.rb": {
        "lines": [
          1,
          null
        ]
      },
      "/Users/tuong.vu/Documents/PROJECTS/Monstar-lab_rent_bike_project/app/helpers/admin/sessions_helper.rb": {
        "lines": [
          1,
          1,
          6,
          null,
          null,
          1,
          3,
          null,
          null,
          1,
          1,
          1,
          1,
          null,
          null,
          1,
          5,
          5,
          5,
          null,
          null,
          1,
          6,
          6,
          0,
          0,
          0,
          0,
          0,
          null,
          null,
          null,
          null,
          1,
          0,
          null,
          null,
          1,
          3,
          3,
          3,
          null,
          null,
          1,
          3,
          3,
          null,
          null,
          1,
          0,
          null,
          null
        ]
      },
      "/Users/tuong.vu/Documents/PROJECTS/Monstar-lab_rent_bike_project/app/helpers/application_helper.rb": {
        "lines": [
          1,
          null
        ]
      },
      "/Users/tuong.vu/Documents/PROJECTS/Monstar-lab_rent_bike_project/app/helpers/bikes_helper.rb": {
        "lines": [
          1,
          null
        ]
      },
      "/Users/tuong.vu/Documents/PROJECTS/Monstar-lab_rent_bike_project/app/helpers/bookings_helper.rb": {
        "lines": [
          1,
          null
        ]
      },
      "/Users/tuong.vu/Documents/PROJECTS/Monstar-lab_rent_bike_project/app/helpers/calendars_helper.rb": {
        "lines": [
          1,
          null
        ]
      },
      "/Users/tuong.vu/Documents/PROJECTS/Monstar-lab_rent_bike_project/app/helpers/password_resets_helper.rb": {
        "lines": [
          1,
          null
        ]
      },
      "/Users/tuong.vu/Documents/PROJECTS/Monstar-lab_rent_bike_project/app/helpers/sessions_helper.rb": {
        "lines": [
          1,
          1,
          0,
          null,
          null,
          1,
          0,
          null,
          null,
          1,
          0,
          0,
          0,
          null,
          null,
          1,
          0,
          0,
          0,
          null,
          null,
          1,
          0,
          0,
          0,
          0,
          0,
          0,
          0,
          null,
          null,
          null,
          null,
          1,
          0,
          null,
          null,
          1,
          0,
          0,
          0,
          null,
          null,
          1,
          0,
          0,
          null,
          null,
          1,
          0,
          null,
          null
        ]
      },
      "/Users/tuong.vu/Documents/PROJECTS/Monstar-lab_rent_bike_project/app/helpers/static_pages_helper.rb": {
        "lines": [
          1,
          null
        ]
      },
      "/Users/tuong.vu/Documents/PROJECTS/Monstar-lab_rent_bike_project/app/helpers/users_helper.rb": {
        "lines": [
          1,
          null
        ]
      },
      "/Users/tuong.vu/Documents/PROJECTS/Monstar-lab_rent_bike_project/app/controllers/admin/sessions_controller.rb": {
        "lines": [
          1,
          1,
          null,
          1,
          null,
          null,
          1,
          4,
          4,
          3,
          3,
          3,
          null,
          1,
          1,
          null,
          null,
          null,
          1,
          3,
          3,
          null,
          null
        ]
      },
      "/Users/tuong.vu/Documents/PROJECTS/Monstar-lab_rent_bike_project/app/controllers/admin/application_controller.rb": {
        "lines": [
          1,
          1,
          null,
          1,
          null,
          1,
          0,
          0,
          0,
          0,
          null,
          null,
          null,
          1,
          0,
          null,
          null
        ]
      },
      "/Users/tuong.vu/Documents/PROJECTS/Monstar-lab_rent_bike_project/app/channels/application_cable/channel.rb": {
        "lines": [
          0,
          0,
          0,
          0
        ],
        "branches": {
        }
      },
      "/Users/tuong.vu/Documents/PROJECTS/Monstar-lab_rent_bike_project/app/channels/application_cable/connection.rb": {
        "lines": [
          0,
          0,
          0,
          0
        ],
        "branches": {
        }
      },
      "/Users/tuong.vu/Documents/PROJECTS/Monstar-lab_rent_bike_project/app/controllers/account_activations_controller.rb": {
        "lines": [
          0,
          0,
          0,
          0,
          0,
          0,
          0,
          0,
          0,
          0,
          0,
          0,
          0,
          0
        ],
        "branches": {
        }
      },
      "/Users/tuong.vu/Documents/PROJECTS/Monstar-lab_rent_bike_project/app/controllers/admin/admins_controller.rb": {
        "lines": [
          0,
          0,
          0,
          0,
          0,
          null,
          0,
          0,
          null,
          0,
          0,
          0,
          null,
          0,
          0,
          0,
          null,
          0,
          0,
          0,
          0,
          0,
          0,
          0,
          0,
          0,
          null,
          0,
          0,
          null,
          0,
          0,
          null,
          0,
          0,
          0,
          0,
          0,
          0,
          0,
          0,
          null,
          0,
          0,
          0,
          0,
          0,
          null,
          0,
          null,
          0,
          0,
          0,
          null,
          0,
          0,
          0,
          null,
          0,
          0,
          0,
          0
        ],
        "branches": {
        }
      },
      "/Users/tuong.vu/Documents/PROJECTS/Monstar-lab_rent_bike_project/app/controllers/admin/bikes_controller.rb": {
        "lines": [
          0,
          0,
          0,
          null,
          0,
          0,
          0,
          null,
          0,
          0,
          0,
          null,
          0,
          0,
          0,
          0,
          0,
          0,
          0,
          0,
          0,
          0,
          0
        ],
        "branches": {
        }
      },
      "/Users/tuong.vu/Documents/PROJECTS/Monstar-lab_rent_bike_project/app/controllers/admin/categories_controller.rb": {
        "lines": [
          0,
          0,
          0,
          0,
          null,
          0,
          0,
          0,
          null,
          0,
          0,
          0,
          null,
          0,
          0,
          0,
          0,
          0,
          0,
          0,
          0,
          0,
          null,
          0,
          0,
          null,
          0,
          0,
          null,
          0,
          0,
          0,
          0,
          0,
          0,
          0,
          0,
          null,
          0,
          0,
          0,
          0,
          0,
          null,
          0,
          null,
          0,
          0,
          0,
          null,
          0,
          0,
          0,
          0
        ],
        "branches": {
        }
      },
      "/Users/tuong.vu/Documents/PROJECTS/Monstar-lab_rent_bike_project/app/controllers/application_controller.rb": {
        "lines": [
          0,
          0,
          null,
          0,
          null,
          0,
          0,
          0,
          0,
          0,
          0,
          0,
          null,
          0,
          0,
          0,
          0
        ],
        "branches": {
        }
      },
      "/Users/tuong.vu/Documents/PROJECTS/Monstar-lab_rent_bike_project/app/controllers/bikes_controller.rb": {
        "lines": [
          0,
          0,
          0,
          0,
          0,
          0,
          0,
          null,
          0,
          0,
          0,
          0,
          0,
          0,
          null,
          0,
          0,
          null,
          0,
          0,
          0,
          null,
          0,
          0,
          0,
          0,
          0,
          0,
          0,
          0,
          0,
          0,
          null,
          0,
          0,
          null,
          0,
          0,
          0,
          0,
          0,
          0,
          0,
          0,
          null,
          0,
          0,
          0,
          0,
          0,
          0,
          0,
          0,
          0,
          0,
          null,
          0,
          null,
          0,
          0,
          0,
          null,
          0,
          0,
          0,
          null,
          0,
          0,
          0,
          null,
          0,
          0,
          0,
          null,
          0,
          0,
          0,
          null,
          0,
          0,
          0,
          0
        ],
        "branches": {
        }
      },
      "/Users/tuong.vu/Documents/PROJECTS/Monstar-lab_rent_bike_project/app/controllers/bookings_controller.rb": {
        "lines": [
          0,
          0,
          0,
          0,
          0,
          null,
          0,
          0,
          0,
          0,
          0,
          0,
          0,
          null,
          0,
          0,
          0,
          null,
          0,
          0,
          0,
          0,
          0,
          0,
          0,
          0,
          0,
          0,
          0,
          0,
          null,
          0,
          null,
          0,
          0,
          0,
          null,
          0,
          0,
          0,
          null,
          0,
          0,
          0,
          0
        ],
        "branches": {
        }
      },
      "/Users/tuong.vu/Documents/PROJECTS/Monstar-lab_rent_bike_project/app/controllers/calendars_controller.rb": {
        "lines": [
          0,
          0,
          0,
          0,
          0,
          null,
          0,
          0,
          0,
          0,
          0,
          0,
          0,
          null,
          0,
          0,
          0,
          null,
          0,
          0,
          0,
          0,
          0,
          0,
          0,
          0,
          0,
          null,
          0,
          0,
          0,
          0,
          0,
          null,
          0,
          null,
          0,
          0,
          0,
          null,
          0,
          0,
          0,
          0,
          0,
          0,
          0,
          0
        ],
        "branches": {
        }
      },
      "/Users/tuong.vu/Documents/PROJECTS/Monstar-lab_rent_bike_project/app/controllers/password_resets_controller.rb": {
        "lines": [
          0,
          0,
          0,
          0,
          null,
          null,
          0,
          0,
          null,
          0,
          0,
          0,
          0,
          0,
          0,
          0,
          0,
          0,
          0,
          0,
          0,
          null,
          0,
          0,
          null,
          0,
          0,
          0,
          0,
          0,
          0,
          0,
          0,
          0,
          0,
          0,
          0,
          null,
          0,
          null,
          0,
          0,
          0,
          null,
          0,
          0,
          0,
          null,
          0,
          0,
          0,
          0,
          0,
          null,
          0,
          0,
          0,
          0,
          0,
          0,
          0
        ],
        "branches": {
        }
      },
      "/Users/tuong.vu/Documents/PROJECTS/Monstar-lab_rent_bike_project/app/controllers/sessions_controller.rb": {
        "lines": [
          0,
          0,
          0,
          null,
          0,
          0,
          0,
          0,
          0,
          0,
          0,
          0,
          0,
          0,
          0,
          0,
          0,
          0,
          0,
          0,
          0,
          0,
          null,
          0,
          0,
          0,
          0,
          0
        ],
        "branches": {
        }
      },
      "/Users/tuong.vu/Documents/PROJECTS/Monstar-lab_rent_bike_project/app/controllers/static_pages_controller.rb": {
        "lines": [
          0,
          0,
          0,
          null,
          0,
          0,
          0
        ],
        "branches": {
        }
      },
      "/Users/tuong.vu/Documents/PROJECTS/Monstar-lab_rent_bike_project/app/controllers/users_controller.rb": {
        "lines": [
          0,
          0,
          0,
          0,
          0,
          null,
          0,
          0,
          null,
          0,
          0,
          0,
          null,
          0,
          0,
          0,
          0,
          0,
          0,
          0,
          0,
          0,
          0,
          null,
          0,
          0,
          null,
          0,
          0,
          0,
          0,
          0,
          0,
          0,
          0,
          null,
          0,
          null,
          0,
          0,
          0,
          null,
          0,
          0,
          0,
          null,
          0,
          0,
          0,
          null,
          0,
          0,
          0,
          0,
          0
        ],
        "branches": {
        }
      },
      "/Users/tuong.vu/Documents/PROJECTS/Monstar-lab_rent_bike_project/app/jobs/application_job.rb": {
        "lines": [
          0,
          null,
          null,
          null,
          null,
          null,
          0
        ],
        "branches": {
        }
      },
      "/Users/tuong.vu/Documents/PROJECTS/Monstar-lab_rent_bike_project/app/mailers/application_mailer.rb": {
        "lines": [
          0,
          0,
          0,
          0
        ],
        "branches": {
        }
      },
      "/Users/tuong.vu/Documents/PROJECTS/Monstar-lab_rent_bike_project/app/mailers/user_mailer.rb": {
        "lines": [
          0,
          null,
          null,
          null,
          null,
          null,
          null,
          0,
          0,
          0,
          0,
          null,
          null,
          null,
          null,
          null,
          null,
          0,
          0,
          0,
          0,
          0
        ],
        "branches": {
        }
      },
      "/Users/tuong.vu/Documents/PROJECTS/Monstar-lab_rent_bike_project/app/models/bike.rb": {
        "lines": [
          0,
          0,
          0,
          0,
          0,
          0,
          0,
          null,
          0,
          null,
          0,
          0,
          0,
          null,
          0,
          0,
          0,
          0,
          0,
          0
        ],
        "branches": {
        }
      },
      "/Users/tuong.vu/Documents/PROJECTS/Monstar-lab_rent_bike_project/app/models/booking.rb": {
        "lines": [
          0,
          0,
          0,
          null,
          0,
          0,
          0,
          null,
          0,
          0,
          null,
          0,
          0,
          0
        ],
        "branches": {
        }
      },
      "/Users/tuong.vu/Documents/PROJECTS/Monstar-lab_rent_bike_project/app/models/booking_status.rb": {
        "lines": [
          0,
          0,
          0,
          null,
          0,
          0
        ],
        "branches": {
        }
      },
      "/Users/tuong.vu/Documents/PROJECTS/Monstar-lab_rent_bike_project/app/models/calendar.rb": {
        "lines": [
          0,
          0,
          null,
          0,
          0,
          0,
          null,
          0,
          null,
          0,
          0,
          null,
          0,
          0,
          0
        ],
        "branches": {
        }
      },
      "/Users/tuong.vu/Documents/PROJECTS/Monstar-lab_rent_bike_project/app/models/category.rb": {
        "lines": [
          0,
          0,
          null,
          0,
          0
        ],
        "branches": {
        }
      },
      "/Users/tuong.vu/Documents/PROJECTS/Monstar-lab_rent_bike_project/app/models/user.rb": {
        "lines": [
          0,
          0,
          null,
          0,
          0,
          0,
          null,
          0,
          0,
          null,
          0,
          null,
          0,
          null,
          0,
          null,
          0,
          0,
          0,
          null,
          0,
          0,
          0,
          0,
          0,
          null,
          0,
          0,
          0,
          null,
          0,
          0,
          0,
          0,
          null,
          0,
          0,
          0,
          null,
          0,
          0,
          0,
          null,
          0,
          0,
          null,
          0,
          0,
          0,
          null,
          0,
          0,
          0,
          null,
          0,
          0,
          0,
          null,
          0,
          0,
          0,
          0,
          null,
          0,
          0,
          0,
          null,
          0,
          0,
          0,
          null,
          0,
          0,
          0,
          0,
          null,
          0,
          0,
          0,
          0,
          0
        ],
        "branches": {
        }
      }
    },
    "timestamp": 1709178594
  }
}
